<?xml version="1.0" encoding="UTF-8"?>
<!-- Generated by org.testng.reporters.JUnitXMLReporter -->
<testsuite ignored="2" hostname="DESKTOP-PHQB903" failures="0" tests="0" time="0.002" errors="0" timestamp="2025-07-27T00:27:17 IST">
  <testcase classname="AutomationTesting.TestCases.Validation" name="errorvalidation" time="0.0">
    <ignored/>
  </testcase> <!-- errorvalidation -->
  <testcase classname="AutomationTesting.TestCases.Validation" name="checkProduct" time="0.0">
    <ignored/>
  </testcase> <!-- checkProduct -->
</testsuite>
