<?xml version="1.0" encoding="UTF-8"?>
<!-- Generated by org.testng.reporters.JUnitXMLReporter -->
<testsuite ignored="1" hostname="DESKTOP-PHQB903" failures="0" tests="1" name="Validation" time="8.684" errors="0" timestamp="2025-07-26T17:45:51 IST">
  <testcase classname="AutomationTesting.TestCases.Validation" name="errorvalidation" time="1.111"/>
  <testcase classname="AutomationTesting.TestCases.Validation" name="checkProduct" time="0.0">
    <ignored/>
  </testcase> <!-- checkProduct -->
</testsuite> <!-- Validation -->
